Using pre-set license
Built from '2020.3/staging' branch; Version is '2020.3.6f1 (338bb68529b2) revision 3378102'; Using compiler version '192528614'; Build Type 'Release'
OS: 'Windows 10 Home; OS build 19045.4046; Version 2009; 64bit' Language: 'en' Physical Memory: 16231 MB
BatchMode: 1, IsHumanControllingUs: 0, StartBugReporterOnCrash: 0, Is64bit: 1, IsPro: 0

 COMMAND LINE ARGUMENTS:
C:\Program Files\Unity\Hub\Editor\2020.3.6f1\Editor\Unity.exe
-adb2
-batchMode
-noUpm
-name
AssetImportWorker0
-projectPath
C:/Users/me/Desktop/Games/Curtis Jensen Games/The War Levels/The-War-Levels/The War Levels
-logFile
Logs/AssetImportWorker0.log
-srvPort
60457
Successfully changed project path to: C:/Users/me/Desktop/Games/Curtis Jensen Games/The War Levels/The-War-Levels/The War Levels
C:/Users/me/Desktop/Games/Curtis Jensen Games/The War Levels/The-War-Levels/The War Levels
Using Asset Import Pipeline V2.
Refreshing native plugins compatible for Editor in 100.62 ms, found 0 plugins.
Preloading 0 native plugins for Editor in 0.00 ms.
Initialize engine version: 2020.3.6f1 (338bb68529b2)
[Subsystems] Discovering subsystems at path C:/Program Files/Unity/Hub/Editor/2020.3.6f1/Editor/Data/Resources/UnitySubsystems
[Subsystems] Discovering subsystems at path C:/Users/me/Desktop/Games/Curtis Jensen Games/The War Levels/The-War-Levels/The War Levels/Assets
GfxDevice: creating device client; threaded=0
Direct3D:
    Version:  Direct3D 11.0 [level 11.1]
    Renderer: NVIDIA GeForce GTX 1660 Ti (ID=0x2191)
    Vendor:   
    VRAM:     5979 MB
    Driver:   31.0.15.3129
Initialize mono
Mono path[0] = 'C:/Program Files/Unity/Hub/Editor/2020.3.6f1/Editor/Data/Managed'
Mono path[1] = 'C:/Program Files/Unity/Hub/Editor/2020.3.6f1/Editor/Data/MonoBleedingEdge/lib/mono/unityjit'
Mono config path = 'C:/Program Files/Unity/Hub/Editor/2020.3.6f1/Editor/Data/MonoBleedingEdge/etc'
Using monoOptions --debugger-agent=transport=dt_socket,embedding=1,server=y,suspend=n,address=127.0.0.1:56228
Begin MonoManager ReloadAssembly
Registering precompiled unity dll's ...
Register platform support module: C:/Program Files/Unity/Hub/Editor/2020.3.6f1/Editor/Data/PlaybackEngines/WebGLSupport/UnityEditor.WebGL.Extensions.dll
Register platform support module: C:/Program Files/Unity/Hub/Editor/2020.3.6f1/Editor/Data/PlaybackEngines/WindowsStandaloneSupport/UnityEditor.WindowsStandalone.Extensions.dll
Registered in 0.003774 seconds.
Native extension for WindowsStandalone target not found
Native extension for WebGL target not found
Refreshing native plugins compatible for Editor in 63.75 ms, found 0 plugins.
Preloading 0 native plugins for Editor in 0.00 ms.
Mono: successfully reloaded assembly
- Completed reload, in  1.919 seconds
Platform modules already initialized, skipping
Registering precompiled user dll's ...
Registered in 0.005574 seconds.
Begin MonoManager ReloadAssembly
Native extension for WindowsStandalone target not found
Native extension for WebGL target not found
Refreshing native plugins compatible for Editor in 1.94 ms, found 0 plugins.
Preloading 0 native plugins for Editor in 0.00 ms.
Mono: successfully reloaded assembly
- Completed reload, in  1.351 seconds
Platform modules already initialized, skipping
========================================================================
Worker process is ready to serve import requests
Launched and connected shader compiler UnityShaderCompiler.exe after 0.05 seconds
Refreshing native plugins compatible for Editor in 0.55 ms, found 0 plugins.
Preloading 0 native plugins for Editor in 0.00 ms.
Unloading 1840 Unused Serialized files (Serialized files now loaded: 0)
System memory in use before: 81.1 MB.
System memory in use after: 81.2 MB.

Unloading 44 unused Assets to reduce memory usage. Loaded Objects now: 2260.
Total: 6.231500 ms (FindLiveObjects: 0.290100 ms CreateObjectMapping: 0.117300 ms MarkObjects: 5.733600 ms  DeleteObjects: 0.088900 ms)

========================================================================
Received Import Request.
  path: Assets/Prefabs/Tiles/Non Interactible Highlight.prefab
  artifactKey: Guid(cf1f30203fcf8944c8f5f1b6af735f80) Importer(815301076,1909f56bfc062723c751e8b465ee728b)
Start importing Assets/Prefabs/Tiles/Non Interactible Highlight.prefab using Guid(cf1f30203fcf8944c8f5f1b6af735f80) Importer(815301076,1909f56bfc062723c751e8b465ee728b)  -> (artifact id: '8dbaa3b7f5cfd69cded0b7f369be2bbc') in 0.078361 seconds
  Import took 0.082452 seconds .

========================================================================
Received Prepare
Registering precompiled user dll's ...
Registered in 0.005243 seconds.
Begin MonoManager ReloadAssembly
Native extension for WindowsStandalone target not found
Native extension for WebGL target not found
Refreshing native plugins compatible for Editor in 0.89 ms, found 0 plugins.
Preloading 0 native plugins for Editor in 0.00 ms.
Mono: successfully reloaded assembly
- Completed reload, in  0.891 seconds
Platform modules already initialized, skipping
Refreshing native plugins compatible for Editor in 0.55 ms, found 0 plugins.
Preloading 0 native plugins for Editor in 0.00 ms.
Unloading 1820 Unused Serialized files (Serialized files now loaded: 0)
System memory in use before: 79.5 MB.
System memory in use after: 79.6 MB.

Unloading 35 unused Assets to reduce memory usage. Loaded Objects now: 2264.
Total: 5.364900 ms (FindLiveObjects: 0.186600 ms CreateObjectMapping: 0.060000 ms MarkObjects: 5.088600 ms  DeleteObjects: 0.028000 ms)

========================================================================
Received Prepare
Registering precompiled user dll's ...
Registered in 0.004121 seconds.
Begin MonoManager ReloadAssembly
Native extension for WindowsStandalone target not found
Native extension for WebGL target not found
Refreshing native plugins compatible for Editor in 0.50 ms, found 0 plugins.
Preloading 0 native plugins for Editor in 0.00 ms.
Mono: successfully reloaded assembly
- Completed reload, in  0.845 seconds
Platform modules already initialized, skipping
Refreshing native plugins compatible for Editor in 0.88 ms, found 0 plugins.
Preloading 0 native plugins for Editor in 0.00 ms.
Unloading 1820 Unused Serialized files (Serialized files now loaded: 0)
System memory in use before: 79.5 MB.
System memory in use after: 79.7 MB.

Unloading 35 unused Assets to reduce memory usage. Loaded Objects now: 2267.
Total: 6.885100 ms (FindLiveObjects: 0.249200 ms CreateObjectMapping: 0.076000 ms MarkObjects: 6.531600 ms  DeleteObjects: 0.027000 ms)

========================================================================
Received Import Request.
  Time since last request: 163.596277 seconds.
  path: Assets/Scripts/GridManager.cs
  artifactKey: Guid(5472b69c9862412469ee404384bf575f) Importer(815301076,1909f56bfc062723c751e8b465ee728b)
Start importing Assets/Scripts/GridManager.cs using Guid(5472b69c9862412469ee404384bf575f) Importer(815301076,1909f56bfc062723c751e8b465ee728b)  -> (artifact id: '74aaf76275a889e4928b3421a2330875') in 0.016180 seconds
  Import took 0.019392 seconds .

========================================================================
Received Import Request.
  Time since last request: 0.015237 seconds.
  path: Assets/Scripts/GridManager.cs
  artifactKey: Guid(5472b69c9862412469ee404384bf575f) Importer(815301076,1909f56bfc062723c751e8b465ee728b)
Start importing Assets/Scripts/GridManager.cs using Guid(5472b69c9862412469ee404384bf575f) Importer(815301076,1909f56bfc062723c751e8b465ee728b)  -> (artifact id: '74aaf76275a889e4928b3421a2330875') in 0.004896 seconds
  Import took 0.008173 seconds .

========================================================================
Received Prepare
Registering precompiled user dll's ...
Registered in 0.004220 seconds.
Begin MonoManager ReloadAssembly
Native extension for WindowsStandalone target not found
Native extension for WebGL target not found
Refreshing native plugins compatible for Editor in 0.54 ms, found 0 plugins.
Preloading 0 native plugins for Editor in 0.00 ms.
Mono: successfully reloaded assembly
- Completed reload, in  0.861 seconds
Platform modules already initialized, skipping
Refreshing native plugins compatible for Editor in 0.94 ms, found 0 plugins.
Preloading 0 native plugins for Editor in 0.00 ms.
Unloading 1820 Unused Serialized files (Serialized files now loaded: 0)
System memory in use before: 79.6 MB.
System memory in use after: 79.7 MB.

Unloading 35 unused Assets to reduce memory usage. Loaded Objects now: 2270.
Total: 5.474300 ms (FindLiveObjects: 0.193900 ms CreateObjectMapping: 0.078800 ms MarkObjects: 5.177300 ms  DeleteObjects: 0.023200 ms)

========================================================================
Received Import Request.
  Time since last request: 11.840689 seconds.
  path: Assets/Scripts/GameManager.cs
  artifactKey: Guid(1d15aa13ea0caf24787f6a18f290cf97) Importer(815301076,1909f56bfc062723c751e8b465ee728b)
Start importing Assets/Scripts/GameManager.cs using Guid(1d15aa13ea0caf24787f6a18f290cf97) Importer(815301076,1909f56bfc062723c751e8b465ee728b)  -> (artifact id: 'd329fd84b1065c277cb039460566a0c6') in 0.012394 seconds
  Import took 0.015493 seconds .

========================================================================
Received Prepare
Registering precompiled user dll's ...
Registered in 0.004142 seconds.
Begin MonoManager ReloadAssembly
Native extension for WindowsStandalone target not found
Native extension for WebGL target not found
Refreshing native plugins compatible for Editor in 0.52 ms, found 0 plugins.
Preloading 0 native plugins for Editor in 0.00 ms.
Mono: successfully reloaded assembly
- Completed reload, in  0.827 seconds
Platform modules already initialized, skipping
Refreshing native plugins compatible for Editor in 0.53 ms, found 0 plugins.
Preloading 0 native plugins for Editor in 0.00 ms.
Unloading 1820 Unused Serialized files (Serialized files now loaded: 0)
System memory in use before: 79.6 MB.
System memory in use after: 79.7 MB.

Unloading 35 unused Assets to reduce memory usage. Loaded Objects now: 2273.
Total: 5.371500 ms (FindLiveObjects: 0.219700 ms CreateObjectMapping: 0.091600 ms MarkObjects: 5.030600 ms  DeleteObjects: 0.027800 ms)

========================================================================
Received Prepare
Registering precompiled user dll's ...
Registered in 0.004150 seconds.
Begin MonoManager ReloadAssembly
Native extension for WindowsStandalone target not found
Native extension for WebGL target not found
Refreshing native plugins compatible for Editor in 0.56 ms, found 0 plugins.
Preloading 0 native plugins for Editor in 0.00 ms.
Mono: successfully reloaded assembly
- Completed reload, in  0.918 seconds
Platform modules already initialized, skipping
Refreshing native plugins compatible for Editor in 0.55 ms, found 0 plugins.
Preloading 0 native plugins for Editor in 0.00 ms.
Unloading 1821 Unused Serialized files (Serialized files now loaded: 0)
System memory in use before: 79.6 MB.
System memory in use after: 79.7 MB.

Unloading 35 unused Assets to reduce memory usage. Loaded Objects now: 2277.
Total: 5.306700 ms (FindLiveObjects: 0.220500 ms CreateObjectMapping: 0.082900 ms MarkObjects: 4.976700 ms  DeleteObjects: 0.025400 ms)

========================================================================
Received Prepare
Registering precompiled user dll's ...
Registered in 0.004471 seconds.
Begin MonoManager ReloadAssembly
Native extension for WindowsStandalone target not found
Native extension for WebGL target not found
Refreshing native plugins compatible for Editor in 0.53 ms, found 0 plugins.
Preloading 0 native plugins for Editor in 0.00 ms.
Mono: successfully reloaded assembly
- Completed reload, in  0.902 seconds
Platform modules already initialized, skipping
Refreshing native plugins compatible for Editor in 0.62 ms, found 0 plugins.
Preloading 0 native plugins for Editor in 0.00 ms.
Unloading 1820 Unused Serialized files (Serialized files now loaded: 0)
System memory in use before: 79.6 MB.
System memory in use after: 79.7 MB.

Unloading 36 unused Assets to reduce memory usage. Loaded Objects now: 2279.
Total: 5.349500 ms (FindLiveObjects: 0.221200 ms CreateObjectMapping: 0.069500 ms MarkObjects: 5.032800 ms  DeleteObjects: 0.025000 ms)

========================================================================
Received Import Request.
  Time since last request: 1097.668860 seconds.
  path: Assets/Scripts/Managers
  artifactKey: Guid(f36abd9407fc9204a86e16249c9586d9) Importer(815301076,1909f56bfc062723c751e8b465ee728b)
Start importing Assets/Scripts/Managers using Guid(f36abd9407fc9204a86e16249c9586d9) Importer(815301076,1909f56bfc062723c751e8b465ee728b)  -> (artifact id: '2f77d6763e23b5689fcbda3ad9487638') in 0.012867 seconds
  Import took 0.016026 seconds .

========================================================================
Received Prepare
Registering precompiled user dll's ...
Registered in 0.005069 seconds.
Begin MonoManager ReloadAssembly
Native extension for WindowsStandalone target not found
Native extension for WebGL target not found
Refreshing native plugins compatible for Editor in 0.53 ms, found 0 plugins.
Preloading 0 native plugins for Editor in 0.00 ms.
Mono: successfully reloaded assembly
- Completed reload, in  0.847 seconds
Platform modules already initialized, skipping
Refreshing native plugins compatible for Editor in 0.51 ms, found 0 plugins.
Preloading 0 native plugins for Editor in 0.00 ms.
Unloading 1820 Unused Serialized files (Serialized files now loaded: 0)
System memory in use before: 79.6 MB.
System memory in use after: 79.7 MB.

Unloading 35 unused Assets to reduce memory usage. Loaded Objects now: 2282.
Total: 4.930300 ms (FindLiveObjects: 0.187500 ms CreateObjectMapping: 0.098700 ms MarkObjects: 4.620200 ms  DeleteObjects: 0.022500 ms)

========================================================================
Received Import Request.
  Time since last request: 24.300949 seconds.
  path: Assets/Scripts/Managers/UnitManager.cs
  artifactKey: Guid(1cabfa4802705704bb14931a7af39a67) Importer(815301076,1909f56bfc062723c751e8b465ee728b)
Start importing Assets/Scripts/Managers/UnitManager.cs using Guid(1cabfa4802705704bb14931a7af39a67) Importer(815301076,1909f56bfc062723c751e8b465ee728b)  -> (artifact id: '1e1fce2df27ef0bdafdc1fdc0be75cd0') in 0.011376 seconds
  Import took 0.014078 seconds .

========================================================================
Received Prepare
Registering precompiled user dll's ...
Registered in 0.004182 seconds.
Begin MonoManager ReloadAssembly
Native extension for WindowsStandalone target not found
Native extension for WebGL target not found
Refreshing native plugins compatible for Editor in 0.67 ms, found 0 plugins.
Preloading 0 native plugins for Editor in 0.00 ms.
Mono: successfully reloaded assembly
- Completed reload, in  0.873 seconds
Platform modules already initialized, skipping
Refreshing native plugins compatible for Editor in 0.54 ms, found 0 plugins.
Preloading 0 native plugins for Editor in 0.00 ms.
Unloading 1821 Unused Serialized files (Serialized files now loaded: 0)
System memory in use before: 79.6 MB.
System memory in use after: 79.7 MB.

Unloading 35 unused Assets to reduce memory usage. Loaded Objects now: 2286.
Total: 7.133600 ms (FindLiveObjects: 0.488000 ms CreateObjectMapping: 0.221000 ms MarkObjects: 6.383800 ms  DeleteObjects: 0.038800 ms)

========================================================================
Received Prepare
Registering precompiled user dll's ...
Registered in 0.005916 seconds.
Begin MonoManager ReloadAssembly
Native extension for WindowsStandalone target not found
Native extension for WebGL target not found
Refreshing native plugins compatible for Editor in 0.58 ms, found 0 plugins.
Preloading 0 native plugins for Editor in 0.00 ms.
Mono: successfully reloaded assembly
- Completed reload, in  1.036 seconds
Platform modules already initialized, skipping
Refreshing native plugins compatible for Editor in 0.59 ms, found 0 plugins.
Preloading 0 native plugins for Editor in 0.00 ms.
Unloading 1821 Unused Serialized files (Serialized files now loaded: 0)
System memory in use before: 79.6 MB.
System memory in use after: 79.8 MB.

Unloading 35 unused Assets to reduce memory usage. Loaded Objects now: 2289.
Total: 5.785400 ms (FindLiveObjects: 0.541100 ms CreateObjectMapping: 0.137800 ms MarkObjects: 5.086000 ms  DeleteObjects: 0.019000 ms)

========================================================================
Received Import Request.
  Time since last request: 67.184983 seconds.
  path: Assets/Scripts/Managers/UnitManager.cs
  artifactKey: Guid(1cabfa4802705704bb14931a7af39a67) Importer(815301076,1909f56bfc062723c751e8b465ee728b)
Start importing Assets/Scripts/Managers/UnitManager.cs using Guid(1cabfa4802705704bb14931a7af39a67) Importer(815301076,1909f56bfc062723c751e8b465ee728b)  -> (artifact id: '09cbaa6ee140adb65fa102cb52e81386') in 0.006351 seconds
  Import took 0.009448 seconds .

========================================================================
Received Import Request.
  Time since last request: 10.239688 seconds.
  path: Assets/Scripts/Tiles/GridManager.cs
  artifactKey: Guid(5472b69c9862412469ee404384bf575f) Importer(815301076,1909f56bfc062723c751e8b465ee728b)
Start importing Assets/Scripts/Tiles/GridManager.cs using Guid(5472b69c9862412469ee404384bf575f) Importer(815301076,1909f56bfc062723c751e8b465ee728b)  -> (artifact id: 'db15de3df4bf106cbd30291031caf9ef') in 0.008143 seconds
  Import took 0.011062 seconds .

========================================================================
Received Import Request.
  Time since last request: 0.019033 seconds.
  path: Assets/Scripts/Tiles/GridManager.cs
  artifactKey: Guid(5472b69c9862412469ee404384bf575f) Importer(815301076,1909f56bfc062723c751e8b465ee728b)
Start importing Assets/Scripts/Tiles/GridManager.cs using Guid(5472b69c9862412469ee404384bf575f) Importer(815301076,1909f56bfc062723c751e8b465ee728b)  -> (artifact id: 'db15de3df4bf106cbd30291031caf9ef') in 0.005186 seconds
  Import took 0.007908 seconds .

========================================================================
Received Prepare
Registering precompiled user dll's ...
Registered in 0.004719 seconds.
Begin MonoManager ReloadAssembly
Native extension for WindowsStandalone target not found
Native extension for WebGL target not found
Refreshing native plugins compatible for Editor in 0.52 ms, found 0 plugins.
Preloading 0 native plugins for Editor in 0.00 ms.
Mono: successfully reloaded assembly
- Completed reload, in  0.848 seconds
Platform modules already initialized, skipping
Refreshing native plugins compatible for Editor in 0.53 ms, found 0 plugins.
Preloading 0 native plugins for Editor in 0.00 ms.
Unloading 1821 Unused Serialized files (Serialized files now loaded: 0)
System memory in use before: 79.6 MB.
System memory in use after: 79.8 MB.

Unloading 35 unused Assets to reduce memory usage. Loaded Objects now: 2292.
Total: 5.660700 ms (FindLiveObjects: 0.285400 ms CreateObjectMapping: 0.105700 ms MarkObjects: 5.247100 ms  DeleteObjects: 0.021600 ms)

========================================================================
Received Import Request.
  Time since last request: 72.350370 seconds.
  path: Assets/Scripts/Units
  artifactKey: Guid(46ad415350410644fbe7b83f4e60cbcf) Importer(815301076,1909f56bfc062723c751e8b465ee728b)
Start importing Assets/Scripts/Units using Guid(46ad415350410644fbe7b83f4e60cbcf) Importer(815301076,1909f56bfc062723c751e8b465ee728b)  -> (artifact id: '84784e9bc3e4648dfacc55f0e82db7a6') in 0.013479 seconds
  Import took 0.016701 seconds .

========================================================================
Received Import Request.
  Time since last request: 10.575089 seconds.
  path: Assets/Scripts/Units/Nephites
  artifactKey: Guid(bdaa273dcab23f24ca6b973d529f2577) Importer(815301076,1909f56bfc062723c751e8b465ee728b)
Start importing Assets/Scripts/Units/Nephites using Guid(bdaa273dcab23f24ca6b973d529f2577) Importer(815301076,1909f56bfc062723c751e8b465ee728b)  -> (artifact id: '0d422d28022537c850b15e5c6590a917') in 0.011857 seconds
  Import took 0.016476 seconds .

========================================================================
Received Import Request.
  Time since last request: 5.759330 seconds.
  path: Assets/Scripts/Units/Lamanites
  artifactKey: Guid(0c262d6d7752345478c674929fab1a8e) Importer(815301076,1909f56bfc062723c751e8b465ee728b)
Start importing Assets/Scripts/Units/Lamanites using Guid(0c262d6d7752345478c674929fab1a8e) Importer(815301076,1909f56bfc062723c751e8b465ee728b)  -> (artifact id: '76cbe169a83572755879bf6733abb384') in 0.008932 seconds
  Import took 0.012139 seconds .

========================================================================
Received Prepare
Registering precompiled user dll's ...
Registered in 0.004381 seconds.
Begin MonoManager ReloadAssembly
Native extension for WindowsStandalone target not found
Native extension for WebGL target not found
Refreshing native plugins compatible for Editor in 0.52 ms, found 0 plugins.
Preloading 0 native plugins for Editor in 0.00 ms.
Mono: successfully reloaded assembly
- Completed reload, in  0.881 seconds
Platform modules already initialized, skipping
Refreshing native plugins compatible for Editor in 0.52 ms, found 0 plugins.
Preloading 0 native plugins for Editor in 0.00 ms.
Unloading 1821 Unused Serialized files (Serialized files now loaded: 0)
System memory in use before: 79.7 MB.
System memory in use after: 79.8 MB.

Unloading 35 unused Assets to reduce memory usage. Loaded Objects now: 2295.
Total: 5.719600 ms (FindLiveObjects: 0.138000 ms CreateObjectMapping: 0.050600 ms MarkObjects: 5.511200 ms  DeleteObjects: 0.018700 ms)

========================================================================
Received Prepare
Registering precompiled user dll's ...
Registered in 0.004020 seconds.
Begin MonoManager ReloadAssembly
Native extension for WindowsStandalone target not found
Native extension for WebGL target not found
Refreshing native plugins compatible for Editor in 0.84 ms, found 0 plugins.
Preloading 0 native plugins for Editor in 0.00 ms.
Mono: successfully reloaded assembly
- Completed reload, in  0.882 seconds
Platform modules already initialized, skipping
Refreshing native plugins compatible for Editor in 0.57 ms, found 0 plugins.
Preloading 0 native plugins for Editor in 0.00 ms.
Unloading 1821 Unused Serialized files (Serialized files now loaded: 0)
System memory in use before: 79.7 MB.
System memory in use after: 79.8 MB.

Unloading 35 unused Assets to reduce memory usage. Loaded Objects now: 2298.
Total: 5.685200 ms (FindLiveObjects: 0.350200 ms CreateObjectMapping: 0.097300 ms MarkObjects: 5.214000 ms  DeleteObjects: 0.022200 ms)

========================================================================
Received Prepare
Registering precompiled user dll's ...
Registered in 0.004394 seconds.
Begin MonoManager ReloadAssembly
Native extension for WindowsStandalone target not found
Native extension for WebGL target not found
Refreshing native plugins compatible for Editor in 0.53 ms, found 0 plugins.
Preloading 0 native plugins for Editor in 0.00 ms.
Mono: successfully reloaded assembly
- Completed reload, in  0.881 seconds
Platform modules already initialized, skipping
Refreshing native plugins compatible for Editor in 0.57 ms, found 0 plugins.
Preloading 0 native plugins for Editor in 0.00 ms.
Unloading 1821 Unused Serialized files (Serialized files now loaded: 0)
System memory in use before: 79.7 MB.
System memory in use after: 79.8 MB.

Unloading 35 unused Assets to reduce memory usage. Loaded Objects now: 2301.
Total: 5.584100 ms (FindLiveObjects: 0.184500 ms CreateObjectMapping: 0.054400 ms MarkObjects: 5.316600 ms  DeleteObjects: 0.027600 ms)

========================================================================
Received Import Request.
  Time since last request: 130.781074 seconds.
  path: Assets/Prefabs/Tiles/Mountain Tile.prefab
  artifactKey: Guid(801c34acad847e544b8186d3c158de50) Importer(815301076,1909f56bfc062723c751e8b465ee728b)
Start importing Assets/Prefabs/Tiles/Mountain Tile.prefab using Guid(801c34acad847e544b8186d3c158de50) Importer(815301076,1909f56bfc062723c751e8b465ee728b)  -> (artifact id: '312c32fc884857c289bee9bb522c275f') in 0.083440 seconds
  Import took 0.086658 seconds .

========================================================================
Received Import Request.
  Time since last request: 0.051325 seconds.
  path: Assets/Prefabs/Tiles/Mountain Tile.prefab
  artifactKey: Guid(801c34acad847e544b8186d3c158de50) Importer(815301076,1909f56bfc062723c751e8b465ee728b)
Start importing Assets/Prefabs/Tiles/Mountain Tile.prefab using Guid(801c34acad847e544b8186d3c158de50) Importer(815301076,1909f56bfc062723c751e8b465ee728b)  -> (artifact id: '312c32fc884857c289bee9bb522c275f') in 0.010876 seconds
  Import took 0.013699 seconds .

========================================================================
Received Prepare
Registering precompiled user dll's ...
Registered in 0.004242 seconds.
Begin MonoManager ReloadAssembly
Native extension for WindowsStandalone target not found
Native extension for WebGL target not found
Refreshing native plugins compatible for Editor in 0.52 ms, found 0 plugins.
Preloading 0 native plugins for Editor in 0.00 ms.
Mono: successfully reloaded assembly
- Completed reload, in  0.852 seconds
Platform modules already initialized, skipping
Refreshing native plugins compatible for Editor in 0.54 ms, found 0 plugins.
Preloading 0 native plugins for Editor in 0.00 ms.
Unloading 1821 Unused Serialized files (Serialized files now loaded: 0)
System memory in use before: 82.8 MB.
System memory in use after: 82.9 MB.

Unloading 35 unused Assets to reduce memory usage. Loaded Objects now: 2311.
Total: 5.320200 ms (FindLiveObjects: 0.193400 ms CreateObjectMapping: 0.075700 ms MarkObjects: 5.021200 ms  DeleteObjects: 0.028100 ms)

========================================================================
Received Import Request.
  Time since last request: 7.154024 seconds.
  path: Assets/Prefabs/Tiles/Mountain Tile.prefab
  artifactKey: Guid(801c34acad847e544b8186d3c158de50) Importer(815301076,1909f56bfc062723c751e8b465ee728b)
Start importing Assets/Prefabs/Tiles/Mountain Tile.prefab using Guid(801c34acad847e544b8186d3c158de50) Importer(815301076,1909f56bfc062723c751e8b465ee728b)  -> (artifact id: 'fac57e8d1dc079e51d70c067c946af19') in 0.056694 seconds
  Import took 0.060332 seconds .

========================================================================
Received Import Request.
  Time since last request: 0.038852 seconds.
  path: Assets/Prefabs/Tiles/Mountain Tile.prefab
  artifactKey: Guid(801c34acad847e544b8186d3c158de50) Importer(815301076,1909f56bfc062723c751e8b465ee728b)
Start importing Assets/Prefabs/Tiles/Mountain Tile.prefab using Guid(801c34acad847e544b8186d3c158de50) Importer(815301076,1909f56bfc062723c751e8b465ee728b)  -> (artifact id: 'fac57e8d1dc079e51d70c067c946af19') in 0.010233 seconds
  Import took 0.013063 seconds .

========================================================================
Received Prepare
Registering precompiled user dll's ...
Registered in 0.004295 seconds.
Begin MonoManager ReloadAssembly
Native extension for WindowsStandalone target not found
Native extension for WebGL target not found
Refreshing native plugins compatible for Editor in 0.56 ms, found 0 plugins.
Preloading 0 native plugins for Editor in 0.00 ms.
Mono: successfully reloaded assembly
- Completed reload, in  0.838 seconds
Platform modules already initialized, skipping
Refreshing native plugins compatible for Editor in 0.55 ms, found 0 plugins.
Preloading 0 native plugins for Editor in 0.00 ms.
Unloading 1821 Unused Serialized files (Serialized files now loaded: 0)
System memory in use before: 82.8 MB.
System memory in use after: 82.9 MB.

Unloading 35 unused Assets to reduce memory usage. Loaded Objects now: 2315.
Total: 5.151700 ms (FindLiveObjects: 0.191000 ms CreateObjectMapping: 0.068400 ms MarkObjects: 4.868400 ms  DeleteObjects: 0.022700 ms)

========================================================================
Received Import Request.
  Time since last request: 4.627311 seconds.
  path: Assets/Prefabs/Tiles/Mountain Tile.prefab
  artifactKey: Guid(801c34acad847e544b8186d3c158de50) Importer(815301076,1909f56bfc062723c751e8b465ee728b)
Start importing Assets/Prefabs/Tiles/Mountain Tile.prefab using Guid(801c34acad847e544b8186d3c158de50) Importer(815301076,1909f56bfc062723c751e8b465ee728b)  -> (artifact id: '8e26110e88e37244ea170405c79a9fe7') in 0.052797 seconds
  Import took 0.055905 seconds .

========================================================================
Received Import Request.
  Time since last request: 1.846542 seconds.
  path: Assets/Prefabs/Tiles/Mountain Tile.prefab
  artifactKey: Guid(801c34acad847e544b8186d3c158de50) Importer(815301076,1909f56bfc062723c751e8b465ee728b)
Start importing Assets/Prefabs/Tiles/Mountain Tile.prefab using Guid(801c34acad847e544b8186d3c158de50) Importer(815301076,1909f56bfc062723c751e8b465ee728b)  -> (artifact id: '149efa6ba20709a4d300ae849f6692bb') in 0.017064 seconds
  Import took 0.020309 seconds .

========================================================================
Received Prepare
Registering precompiled user dll's ...
Registered in 0.004655 seconds.
Begin MonoManager ReloadAssembly
Native extension for WindowsStandalone target not found
Native extension for WebGL target not found
Refreshing native plugins compatible for Editor in 0.81 ms, found 0 plugins.
Preloading 0 native plugins for Editor in 0.00 ms.
Mono: successfully reloaded assembly
- Completed reload, in  1.047 seconds
Platform modules already initialized, skipping
Refreshing native plugins compatible for Editor in 0.65 ms, found 0 plugins.
Preloading 0 native plugins for Editor in 0.00 ms.
Unloading 1821 Unused Serialized files (Serialized files now loaded: 0)
System memory in use before: 82.8 MB.
System memory in use after: 82.9 MB.

Unloading 35 unused Assets to reduce memory usage. Loaded Objects now: 2319.
Total: 7.154500 ms (FindLiveObjects: 0.475700 ms CreateObjectMapping: 0.114300 ms MarkObjects: 6.534600 ms  DeleteObjects: 0.026100 ms)

========================================================================
Received Import Request.
  Time since last request: 28.507439 seconds.
  path: Assets/Prefabs/Tiles/Mountain Tile.prefab
  artifactKey: Guid(801c34acad847e544b8186d3c158de50) Importer(815301076,1909f56bfc062723c751e8b465ee728b)
Start importing Assets/Prefabs/Tiles/Mountain Tile.prefab using Guid(801c34acad847e544b8186d3c158de50) Importer(815301076,1909f56bfc062723c751e8b465ee728b)  -> (artifact id: '0f6cd432a50b2f91d6a6da09e17d86c6') in 0.051729 seconds
  Import took 0.055157 seconds .

========================================================================
Received Import Request.
  Time since last request: 370.519097 seconds.
  path: Assets/Scripts/Units/ScriptableUnit.cs
  artifactKey: Guid(9052267c4c5539443b129a732271d1e9) Importer(815301076,1909f56bfc062723c751e8b465ee728b)
Start importing Assets/Scripts/Units/ScriptableUnit.cs using Guid(9052267c4c5539443b129a732271d1e9) Importer(815301076,1909f56bfc062723c751e8b465ee728b)  -> (artifact id: '1a6ada8be91e6e13d47b1a54be09f24f') in 0.012234 seconds
  Import took 0.015315 seconds .

========================================================================
Received Prepare
Registering precompiled user dll's ...
Registered in 0.004840 seconds.
Begin MonoManager ReloadAssembly
Native extension for WindowsStandalone target not found
Native extension for WebGL target not found
Refreshing native plugins compatible for Editor in 0.54 ms, found 0 plugins.
Preloading 0 native plugins for Editor in 0.00 ms.
Mono: successfully reloaded assembly
- Completed reload, in  0.871 seconds
Platform modules already initialized, skipping
Refreshing native plugins compatible for Editor in 0.55 ms, found 0 plugins.
Preloading 0 native plugins for Editor in 0.00 ms.
Unloading 1822 Unused Serialized files (Serialized files now loaded: 0)
System memory in use before: 82.8 MB.
System memory in use after: 83.0 MB.

Unloading 35 unused Assets to reduce memory usage. Loaded Objects now: 2324.
Total: 5.067300 ms (FindLiveObjects: 0.198500 ms CreateObjectMapping: 0.093300 ms MarkObjects: 4.752400 ms  DeleteObjects: 0.021600 ms)

========================================================================
Received Prepare
Registering precompiled user dll's ...
Registered in 0.005475 seconds.
Begin MonoManager ReloadAssembly
Native extension for WindowsStandalone target not found
Native extension for WebGL target not found
Refreshing native plugins compatible for Editor in 0.51 ms, found 0 plugins.
Preloading 0 native plugins for Editor in 0.00 ms.
Mono: successfully reloaded assembly
- Completed reload, in  0.857 seconds
Platform modules already initialized, skipping
Refreshing native plugins compatible for Editor in 0.62 ms, found 0 plugins.
Preloading 0 native plugins for Editor in 0.00 ms.
Unloading 1822 Unused Serialized files (Serialized files now loaded: 0)
System memory in use before: 82.8 MB.
System memory in use after: 83.0 MB.

Unloading 35 unused Assets to reduce memory usage. Loaded Objects now: 2327.
Total: 6.522000 ms (FindLiveObjects: 0.310700 ms CreateObjectMapping: 0.102200 ms MarkObjects: 6.079900 ms  DeleteObjects: 0.026700 ms)

========================================================================
Received Import Request.
  Time since last request: 278.572202 seconds.
  path: Assets/Scripts/Units/ScriptableUnit.cs
  artifactKey: Guid(9052267c4c5539443b129a732271d1e9) Importer(815301076,1909f56bfc062723c751e8b465ee728b)
Start importing Assets/Scripts/Units/ScriptableUnit.cs using Guid(9052267c4c5539443b129a732271d1e9) Importer(815301076,1909f56bfc062723c751e8b465ee728b)  -> (artifact id: '7d7eb6791805f852b24a71781640ce7b') in 0.009104 seconds
  Import took 0.013419 seconds .

========================================================================
Received Import Request.
  Time since last request: 9.225020 seconds.
  path: Assets/Scripts/Units/BaseUnit.cs
  artifactKey: Guid(e04c64e13d4edc9439f589bcb6ee4321) Importer(815301076,1909f56bfc062723c751e8b465ee728b)
Start importing Assets/Scripts/Units/BaseUnit.cs using Guid(e04c64e13d4edc9439f589bcb6ee4321) Importer(815301076,1909f56bfc062723c751e8b465ee728b)  -> (artifact id: '4340db947b6a57cc029098087c552c64') in 0.010199 seconds
  Import took 0.012974 seconds .

========================================================================
Received Prepare
Registering precompiled user dll's ...
Registered in 0.004201 seconds.
Begin MonoManager ReloadAssembly
Native extension for WindowsStandalone target not found
Native extension for WebGL target not found
Refreshing native plugins compatible for Editor in 0.53 ms, found 0 plugins.
Preloading 0 native plugins for Editor in 0.00 ms.
Mono: successfully reloaded assembly
- Completed reload, in  0.837 seconds
Platform modules already initialized, skipping
Refreshing native plugins compatible for Editor in 0.61 ms, found 0 plugins.
Preloading 0 native plugins for Editor in 0.00 ms.
Unloading 1823 Unused Serialized files (Serialized files now loaded: 0)
System memory in use before: 82.9 MB.
System memory in use after: 83.0 MB.

Unloading 35 unused Assets to reduce memory usage. Loaded Objects now: 2331.
Total: 5.662600 ms (FindLiveObjects: 0.290100 ms CreateObjectMapping: 0.155300 ms MarkObjects: 5.192800 ms  DeleteObjects: 0.023400 ms)

========================================================================
Received Import Request.
  Time since last request: 12.714983 seconds.
  path: Assets/Scripts/Units/Nephites/NephiteUnit.cs
  artifactKey: Guid(a91a86f222db9e94abfd0701ec01aa75) Importer(815301076,1909f56bfc062723c751e8b465ee728b)
Start importing Assets/Scripts/Units/Nephites/NephiteUnit.cs using Guid(a91a86f222db9e94abfd0701ec01aa75) Importer(815301076,1909f56bfc062723c751e8b465ee728b)  -> (artifact id: '74d26e2ad9040e80ac749fecfb78197d') in 0.012149 seconds
  Import took 0.016854 seconds .

========================================================================
Received Import Request.
  Time since last request: 0.003019 seconds.
  path: Assets/Scripts/Units/Nephites/NephiteUnit.cs
  artifactKey: Guid(a91a86f222db9e94abfd0701ec01aa75) Importer(815301076,1909f56bfc062723c751e8b465ee728b)
Start importing Assets/Scripts/Units/Nephites/NephiteUnit.cs using Guid(a91a86f222db9e94abfd0701ec01aa75) Importer(815301076,1909f56bfc062723c751e8b465ee728b)  -> (artifact id: '74d26e2ad9040e80ac749fecfb78197d') in 0.004814 seconds
  Import took 0.007664 seconds .

========================================================================
Received Prepare
Registering precompiled user dll's ...
Registered in 0.004419 seconds.
Begin MonoManager ReloadAssembly
Native extension for WindowsStandalone target not found
Native extension for WebGL target not found
Refreshing native plugins compatible for Editor in 0.53 ms, found 0 plugins.
Preloading 0 native plugins for Editor in 0.00 ms.
Mono: successfully reloaded assembly
- Completed reload, in  0.889 seconds
Platform modules already initialized, skipping
Refreshing native plugins compatible for Editor in 0.53 ms, found 0 plugins.
Preloading 0 native plugins for Editor in 0.00 ms.
Unloading 1824 Unused Serialized files (Serialized files now loaded: 0)
System memory in use before: 82.9 MB.
System memory in use after: 83.0 MB.

Unloading 35 unused Assets to reduce memory usage. Loaded Objects now: 2335.
Total: 5.791600 ms (FindLiveObjects: 0.215900 ms CreateObjectMapping: 0.078500 ms MarkObjects: 5.471900 ms  DeleteObjects: 0.023600 ms)

========================================================================
Received Import Request.
  Time since last request: 10.124375 seconds.
  path: Assets/Scripts/Units/Lamanites/LamaniteUnit.cs
  artifactKey: Guid(97e652ba3f4a490499b6fb588692aae4) Importer(815301076,1909f56bfc062723c751e8b465ee728b)
Start importing Assets/Scripts/Units/Lamanites/LamaniteUnit.cs using Guid(97e652ba3f4a490499b6fb588692aae4) Importer(815301076,1909f56bfc062723c751e8b465ee728b)  -> (artifact id: 'd78ecc7fe3c9a5ccd20264e5529a7cfa') in 0.012103 seconds
  Import took 0.016127 seconds .

========================================================================
Received Import Request.
  Time since last request: 0.003929 seconds.
  path: Assets/Scripts/Units/Lamanites/LamaniteUnit.cs
  artifactKey: Guid(97e652ba3f4a490499b6fb588692aae4) Importer(815301076,1909f56bfc062723c751e8b465ee728b)
Start importing Assets/Scripts/Units/Lamanites/LamaniteUnit.cs using Guid(97e652ba3f4a490499b6fb588692aae4) Importer(815301076,1909f56bfc062723c751e8b465ee728b)  -> (artifact id: 'd78ecc7fe3c9a5ccd20264e5529a7cfa') in 0.004723 seconds
  Import took 0.009229 seconds .

========================================================================
Received Prepare
Registering precompiled user dll's ...
Registered in 0.004233 seconds.
Begin MonoManager ReloadAssembly
Native extension for WindowsStandalone target not found
Native extension for WebGL target not found
Refreshing native plugins compatible for Editor in 0.52 ms, found 0 plugins.
Preloading 0 native plugins for Editor in 0.00 ms.
Mono: successfully reloaded assembly
- Completed reload, in  0.849 seconds
Platform modules already initialized, skipping
Refreshing native plugins compatible for Editor in 0.66 ms, found 0 plugins.
Preloading 0 native plugins for Editor in 0.00 ms.
Unloading 1825 Unused Serialized files (Serialized files now loaded: 0)
System memory in use before: 82.9 MB.
System memory in use after: 83.0 MB.

Unloading 35 unused Assets to reduce memory usage. Loaded Objects now: 2339.
Total: 7.046800 ms (FindLiveObjects: 0.326500 ms CreateObjectMapping: 0.131700 ms MarkObjects: 6.555300 ms  DeleteObjects: 0.031700 ms)

========================================================================
Received Prepare
Registering precompiled user dll's ...
Registered in 0.010154 seconds.
Begin MonoManager ReloadAssembly
Native extension for WindowsStandalone target not found
Native extension for WebGL target not found
Refreshing native plugins compatible for Editor in 0.52 ms, found 0 plugins.
Preloading 0 native plugins for Editor in 0.00 ms.
Mono: successfully reloaded assembly
- Completed reload, in  0.959 seconds
Platform modules already initialized, skipping
Refreshing native plugins compatible for Editor in 0.57 ms, found 0 plugins.
Preloading 0 native plugins for Editor in 0.00 ms.
Unloading 1825 Unused Serialized files (Serialized files now loaded: 0)
System memory in use before: 82.9 MB.
System memory in use after: 83.1 MB.

Unloading 35 unused Assets to reduce memory usage. Loaded Objects now: 2342.
Total: 5.777900 ms (FindLiveObjects: 0.239300 ms CreateObjectMapping: 0.103000 ms MarkObjects: 5.414500 ms  DeleteObjects: 0.020200 ms)

AssetImportWorkerClient::OnTransportError - code=2 error=End of file
