Using pre-set license
Built from '2020.3/staging' branch; Version is '2020.3.6f1 (338bb68529b2) revision 3378102'; Using compiler version '192528614'; Build Type 'Release'
OS: 'Windows 10 Home; OS build 19045.4046; Version 2009; 64bit' Language: 'en' Physical Memory: 16231 MB
BatchMode: 1, IsHumanControllingUs: 0, StartBugReporterOnCrash: 0, Is64bit: 1, IsPro: 0

 COMMAND LINE ARGUMENTS:
C:\Program Files\Unity\Hub\Editor\2020.3.6f1\Editor\Unity.exe
-adb2
-batchMode
-noUpm
-name
AssetImportWorker0
-projectPath
C:/Users/me/Desktop/Games/Curtis Jensen Games/The War Levels/The-War-Levels/The War Levels
-logFile
Logs/AssetImportWorker0.log
-srvPort
59619
Successfully changed project path to: C:/Users/me/Desktop/Games/Curtis Jensen Games/The War Levels/The-War-Levels/The War Levels
C:/Users/me/Desktop/Games/Curtis Jensen Games/The War Levels/The-War-Levels/The War Levels
Using Asset Import Pipeline V2.
Refreshing native plugins compatible for Editor in 60.82 ms, found 0 plugins.
Preloading 0 native plugins for Editor in 0.00 ms.
Initialize engine version: 2020.3.6f1 (338bb68529b2)
[Subsystems] Discovering subsystems at path C:/Program Files/Unity/Hub/Editor/2020.3.6f1/Editor/Data/Resources/UnitySubsystems
[Subsystems] Discovering subsystems at path C:/Users/me/Desktop/Games/Curtis Jensen Games/The War Levels/The-War-Levels/The War Levels/Assets
GfxDevice: creating device client; threaded=0
Direct3D:
    Version:  Direct3D 11.0 [level 11.1]
    Renderer: NVIDIA GeForce GTX 1660 Ti (ID=0x2191)
    Vendor:   
    VRAM:     5979 MB
    Driver:   31.0.15.3129
Initialize mono
Mono path[0] = 'C:/Program Files/Unity/Hub/Editor/2020.3.6f1/Editor/Data/Managed'
Mono path[1] = 'C:/Program Files/Unity/Hub/Editor/2020.3.6f1/Editor/Data/MonoBleedingEdge/lib/mono/unityjit'
Mono config path = 'C:/Program Files/Unity/Hub/Editor/2020.3.6f1/Editor/Data/MonoBleedingEdge/etc'
Using monoOptions --debugger-agent=transport=dt_socket,embedding=1,server=y,suspend=n,address=127.0.0.1:56556
Begin MonoManager ReloadAssembly
Registering precompiled unity dll's ...
Register platform support module: C:/Program Files/Unity/Hub/Editor/2020.3.6f1/Editor/Data/PlaybackEngines/WebGLSupport/UnityEditor.WebGL.Extensions.dll
Register platform support module: C:/Program Files/Unity/Hub/Editor/2020.3.6f1/Editor/Data/PlaybackEngines/WindowsStandaloneSupport/UnityEditor.WindowsStandalone.Extensions.dll
Registered in 0.004013 seconds.
Native extension for WindowsStandalone target not found
Native extension for WebGL target not found
Refreshing native plugins compatible for Editor in 47.44 ms, found 0 plugins.
Preloading 0 native plugins for Editor in 0.00 ms.
Mono: successfully reloaded assembly
- Completed reload, in  1.521 seconds
Platform modules already initialized, skipping
Registering precompiled user dll's ...
Registered in 0.004589 seconds.
Begin MonoManager ReloadAssembly
Native extension for WindowsStandalone target not found
Native extension for WebGL target not found
Refreshing native plugins compatible for Editor in 1.51 ms, found 0 plugins.
Preloading 0 native plugins for Editor in 0.00 ms.
Mono: successfully reloaded assembly
- Completed reload, in  1.501 seconds
Platform modules already initialized, skipping
========================================================================
Worker process is ready to serve import requests
Launched and connected shader compiler UnityShaderCompiler.exe after 0.05 seconds
Refreshing native plugins compatible for Editor in 0.59 ms, found 0 plugins.
Preloading 0 native plugins for Editor in 0.00 ms.
Unloading 1838 Unused Serialized files (Serialized files now loaded: 0)
System memory in use before: 81.1 MB.
System memory in use after: 81.1 MB.

Unloading 44 unused Assets to reduce memory usage. Loaded Objects now: 2258.
Total: 6.884500 ms (FindLiveObjects: 0.172800 ms CreateObjectMapping: 0.072200 ms MarkObjects: 6.555800 ms  DeleteObjects: 0.082400 ms)

========================================================================
Received Import Request.
  path: Assets/Scripts/Tiles
  artifactKey: Guid(2c97496218ace9f4ab38dd6fd9b7bd8a) Importer(815301076,1909f56bfc062723c751e8b465ee728b)
Start importing Assets/Scripts/Tiles using Guid(2c97496218ace9f4ab38dd6fd9b7bd8a) Importer(815301076,1909f56bfc062723c751e8b465ee728b)  -> (artifact id: '5baefc7c0e68c5de048f618ad66edbe4') in 0.011026 seconds
  Import took 0.014568 seconds .

========================================================================
Received Prepare
Registering precompiled user dll's ...
Registered in 0.004513 seconds.
Begin MonoManager ReloadAssembly
Native extension for WindowsStandalone target not found
Native extension for WebGL target not found
Refreshing native plugins compatible for Editor in 0.54 ms, found 0 plugins.
Preloading 0 native plugins for Editor in 0.00 ms.
Mono: successfully reloaded assembly
- Completed reload, in  0.974 seconds
Platform modules already initialized, skipping
Refreshing native plugins compatible for Editor in 0.59 ms, found 0 plugins.
Preloading 0 native plugins for Editor in 0.00 ms.
Unloading 1817 Unused Serialized files (Serialized files now loaded: 0)
System memory in use before: 79.4 MB.
System memory in use after: 79.5 MB.

Unloading 35 unused Assets to reduce memory usage. Loaded Objects now: 2261.
Total: 5.873200 ms (FindLiveObjects: 0.190800 ms CreateObjectMapping: 0.068000 ms MarkObjects: 5.586200 ms  DeleteObjects: 0.026900 ms)

========================================================================
Received Import Request.
  Time since last request: 8.910438 seconds.
  path: Assets/Scripts/Tiles/MountainTile.cs
  artifactKey: Guid(beffe40339d075b44a19324c685fd116) Importer(815301076,1909f56bfc062723c751e8b465ee728b)
Start importing Assets/Scripts/Tiles/MountainTile.cs using Guid(beffe40339d075b44a19324c685fd116) Importer(815301076,1909f56bfc062723c751e8b465ee728b)  -> (artifact id: 'a7dbc87094945fafc32cdcafe497fa2b') in 0.074819 seconds
  Import took 0.078581 seconds .

========================================================================
Received Prepare
Registering precompiled user dll's ...
Registered in 0.004188 seconds.
Begin MonoManager ReloadAssembly
Native extension for WindowsStandalone target not found
Native extension for WebGL target not found
Refreshing native plugins compatible for Editor in 0.62 ms, found 0 plugins.
Preloading 0 native plugins for Editor in 0.00 ms.
Mono: successfully reloaded assembly
- Completed reload, in  1.098 seconds
Platform modules already initialized, skipping
Refreshing native plugins compatible for Editor in 0.58 ms, found 0 plugins.
Preloading 0 native plugins for Editor in 0.00 ms.
Unloading 1818 Unused Serialized files (Serialized files now loaded: 0)
System memory in use before: 79.5 MB.
System memory in use after: 79.6 MB.

Unloading 35 unused Assets to reduce memory usage. Loaded Objects now: 2265.
Total: 6.459300 ms (FindLiveObjects: 0.194000 ms CreateObjectMapping: 0.073000 ms MarkObjects: 6.154000 ms  DeleteObjects: 0.036900 ms)

========================================================================
Received Import Request.
  Time since last request: 11.205562 seconds.
  path: Assets/Scripts/Tiles/GrassTile.cs
  artifactKey: Guid(fbac7b2d18711e7469421b5f6ba590e4) Importer(815301076,1909f56bfc062723c751e8b465ee728b)
Start importing Assets/Scripts/Tiles/GrassTile.cs using Guid(fbac7b2d18711e7469421b5f6ba590e4) Importer(815301076,1909f56bfc062723c751e8b465ee728b)  -> (artifact id: '7d99472b440d1209a55a1ee2aa685dca') in 0.015451 seconds
  Import took 0.019015 seconds .

========================================================================
Received Prepare
Registering precompiled user dll's ...
Registered in 0.005911 seconds.
Begin MonoManager ReloadAssembly
Native extension for WindowsStandalone target not found
Native extension for WebGL target not found
Refreshing native plugins compatible for Editor in 0.55 ms, found 0 plugins.
Preloading 0 native plugins for Editor in 0.00 ms.
Mono: successfully reloaded assembly
- Completed reload, in  1.007 seconds
Platform modules already initialized, skipping
Refreshing native plugins compatible for Editor in 0.95 ms, found 0 plugins.
Preloading 0 native plugins for Editor in 0.00 ms.
Unloading 1819 Unused Serialized files (Serialized files now loaded: 0)
System memory in use before: 79.5 MB.
System memory in use after: 79.6 MB.

Unloading 35 unused Assets to reduce memory usage. Loaded Objects now: 2269.
Total: 5.281400 ms (FindLiveObjects: 0.288300 ms CreateObjectMapping: 0.105700 ms MarkObjects: 4.858600 ms  DeleteObjects: 0.027300 ms)

========================================================================
Received Prepare
Registering precompiled user dll's ...
Registered in 0.005164 seconds.
Begin MonoManager ReloadAssembly
Native extension for WindowsStandalone target not found
Native extension for WebGL target not found
Refreshing native plugins compatible for Editor in 0.53 ms, found 0 plugins.
Preloading 0 native plugins for Editor in 0.00 ms.
Mono: successfully reloaded assembly
- Completed reload, in  1.009 seconds
Platform modules already initialized, skipping
Refreshing native plugins compatible for Editor in 0.59 ms, found 0 plugins.
Preloading 0 native plugins for Editor in 0.00 ms.
Unloading 1819 Unused Serialized files (Serialized files now loaded: 0)
System memory in use before: 79.5 MB.
System memory in use after: 79.7 MB.

Unloading 35 unused Assets to reduce memory usage. Loaded Objects now: 2272.
Total: 6.233100 ms (FindLiveObjects: 0.185400 ms CreateObjectMapping: 0.071800 ms MarkObjects: 5.946900 ms  DeleteObjects: 0.028100 ms)

========================================================================
Received Import Request.
  Time since last request: 24.987788 seconds.
  path: Assets/Scripts/Tiles/GrassTile.cs
  artifactKey: Guid(fbac7b2d18711e7469421b5f6ba590e4) Importer(815301076,1909f56bfc062723c751e8b465ee728b)
Start importing Assets/Scripts/Tiles/GrassTile.cs using Guid(fbac7b2d18711e7469421b5f6ba590e4) Importer(815301076,1909f56bfc062723c751e8b465ee728b)  -> (artifact id: 'a27afab81219e132d15b22868d49a04d') in 0.011016 seconds
  Import took 0.014809 seconds .

========================================================================
Received Prepare
Registering precompiled user dll's ...
Registered in 0.006269 seconds.
Begin MonoManager ReloadAssembly
Native extension for WindowsStandalone target not found
Native extension for WebGL target not found
Refreshing native plugins compatible for Editor in 1.73 ms, found 0 plugins.
Preloading 0 native plugins for Editor in 0.00 ms.
Mono: successfully reloaded assembly
- Completed reload, in  1.073 seconds
Platform modules already initialized, skipping
Refreshing native plugins compatible for Editor in 1.59 ms, found 0 plugins.
Preloading 0 native plugins for Editor in 0.00 ms.
Unloading 1819 Unused Serialized files (Serialized files now loaded: 0)
System memory in use before: 79.6 MB.
System memory in use after: 79.7 MB.

Unloading 35 unused Assets to reduce memory usage. Loaded Objects now: 2275.
Total: 7.495500 ms (FindLiveObjects: 0.372500 ms CreateObjectMapping: 0.095400 ms MarkObjects: 6.989900 ms  DeleteObjects: 0.032600 ms)

========================================================================
Received Import Request.
  Time since last request: 8.201752 seconds.
  path: Assets/Scripts/Tiles/MountainTile.cs
  artifactKey: Guid(beffe40339d075b44a19324c685fd116) Importer(815301076,1909f56bfc062723c751e8b465ee728b)
Start importing Assets/Scripts/Tiles/MountainTile.cs using Guid(beffe40339d075b44a19324c685fd116) Importer(815301076,1909f56bfc062723c751e8b465ee728b)  -> (artifact id: 'a38db43876411d5cec68a85effcbce11') in 0.013310 seconds
  Import took 0.019216 seconds .

